<?xml version="1.0" encoding="UTF-8"?>
<!-- Generated by org.testng.reporters.JUnitReportReporter -->
<testsuite hostname="EM-025-MLAKSHMI" failures="0" tests="1" name="testscripts.AdminUsersTest" time="7.284" errors="0" timestamp="2024-07-23T23:36:34 IST" skipped="0">
  <testcase classname="testscripts.AdminUsersTest" name="verifyWhetherUserAbleToAddANewUser" time="7.284"/>
</testsuite> <!-- testscripts.AdminUsersTest -->
