<?xml version="1.0" encoding="UTF-8"?>
<!-- Generated by org.testng.reporters.JUnitReportReporter -->
<testsuite hostname="EM-025-MLAKSHMI" failures="0" tests="1" name="testscripts.SubCategoryTest" time="8.335" errors="0" timestamp="2024-07-23T22:08:40 IST" skipped="0">
  <testcase classname="testscripts.SubCategoryTest" name="verifyUserAbleToUploadFile" time="8.335"/>
</testsuite> <!-- testscripts.SubCategoryTest -->
