<?xml version="1.0" encoding="UTF-8"?>
<!-- Generated by org.testng.reporters.JUnitReportReporter -->
<testsuite hostname="DESKTOP-5CQMHN1" failures="0" tests="2" name="testscripts.CategoryTest" time="8.699" errors="0" timestamp="2024-08-06T19:43:17 IST" skipped="0">
  <testcase classname="testscripts.CategoryTest" name="verifyUserAbleToSearchAnInactiveList" time="4.621"/>
  <testcase classname="testscripts.CategoryTest" name="verifyUserAbleToSelectARow" time="4.078"/>
</testsuite> <!-- testscripts.CategoryTest -->
