<?xml version="1.0" encoding="UTF-8"?>
<!-- Generated by org.testng.reporters.JUnitReportReporter -->
<testsuite hostname="EM-025-MLAKSHMI" failures="0" tests="4" name="testscripts.LoginTest" time="13.495" errors="0" timestamp="2024-07-23T19:26:41 IST" skipped="0">
  <testcase classname="testscripts.LoginTest" name="verifyWhetherUserAbleToLoginUsingValidUsernameAndPassword" time="3.561"/>
  <testcase classname="testscripts.LoginTest" name="verifyWhetherUserUnableToLoginWithInvalidUsernameAndValidPassword" time="3.122"/>
  <testcase classname="testscripts.LoginTest" name="verifyWhetherUserUnableToLoginWithBothInvalidUsernameAndPassword" time="3.790"/>
  <testcase classname="testscripts.LoginTest" name="verifyWhetherUserUnableToLoginWithValidUsernameAndInvalidPassword" time="3.022"/>
</testsuite> <!-- testscripts.LoginTest -->
