<?xml version="1.0" encoding="UTF-8"?>
<!-- Generated by org.testng.reporters.JUnitReportReporter -->
<testsuite hostname="DESKTOP-5CQMHN1" failures="0" tests="4" name="testscripts.LoginTest" time="12.936" errors="0" timestamp="2024-08-06T19:43:17 IST" skipped="0">
  <testcase classname="testscripts.LoginTest" name="verifyWhetherUserLoginWithInvalidCredentials" time="3.224"/>
  <testcase classname="testscripts.LoginTest" name="verifyWhetherUserLoginWithInvalidCredentials" time="2.889"/>
  <testcase classname="testscripts.LoginTest" name="verifyWhetherUserAbleToLoginUsingValidUsernameAndPassword" time="3.810"/>
  <testcase classname="testscripts.LoginTest" name="verifyWhetherUserLoginWithInvalidCredentials" time="3.013"/>
</testsuite> <!-- testscripts.LoginTest -->
