<?xml version="1.0" encoding="UTF-8"?>
<!-- Generated by org.testng.reporters.JUnitReportReporter -->
<testsuite hostname="EM-025-MLAKSHMI" failures="0" tests="1" name="testscripts.SearchTest" time="6.836" errors="0" timestamp="2024-07-21T15:47:07 IST" skipped="0">
  <testcase classname="testscripts.SearchTest" name="verifyWhetherUserAbleToResetTheSearchedElement" time="6.836"/>
</testsuite> <!-- testscripts.SearchTest -->
