<?xml version="1.0" encoding="UTF-8"?>
<!-- Generated by org.testng.reporters.JUnitReportReporter -->
<testsuite hostname="DESKTOP-5CQMHN1" failures="0" tests="1" name="testscripts.HomeScrollTest" time="3.650" errors="0" timestamp="2024-08-06T19:43:17 IST" skipped="0">
  <testcase classname="testscripts.HomeScrollTest" name="verifyUserAbleToScrollHomePage" time="3.650"/>
</testsuite> <!-- testscripts.HomeScrollTest -->
