<?xml version="1.0" encoding="UTF-8"?>
<!-- Generated by org.testng.reporters.JUnitReportReporter -->
<testsuite hostname="DESKTOP-5CQMHN1" failures="0" tests="2" name="testscripts.AdminUsersTest" time="14.625" errors="0" timestamp="2024-08-07T11:24:15 IST" skipped="0">
  <testcase classname="testscripts.AdminUsersTest" name="verifyWhetherUserAbleToFindTheSearchedElementInAdminUsers" time="8.474"/>
  <testcase classname="testscripts.AdminUsersTest" name="verifyWhetherUserAbleToResetTheSearchedElement" time="6.151"/>
</testsuite> <!-- testscripts.AdminUsersTest -->
